Copyright 1986-2021 Xilinx, Inc. All Rights Reserved.
----------------------------------------------------------------------------------------------------------
| Tool Version : Vivado v.2021.2 (lin64) Build 3367213 Tue Oct 19 02:47:39 MDT 2021
| Date         : Sat Aug 19 22:38:08 2023
| Host         : idris-HP-EliteBook-840-G3 running 64-bit Ubuntu 20.04.6 LTS
| Command      : upgrade_project -migrate_output_products
| Project_Path : /home/idris/projects/codesign_project/Vivado/KMeans_Zybo_Verilog/KMeans.xpr
----------------------------------------------------------------------------------------------------------

Project Status Summary

1. Project IP Status
--------------------
This project contains 0 IP and 1 Block Designs.


1.1 Project IP Instances
+---------------------------------+-------------------------+-------------------------------------+-------------------------------------+
| Instance Name                   | Status                  | Reason                              | Recommendation                      |
+---------------------------------+-------------------------+-------------------------------------+-------------------------------------+
| design_1_Top_0_0                | Will be Migrated.       |                                     |                                     |
+---------------------------------+-------------------------+-------------------------------------+-------------------------------------+
| design_1_auto_pc_0              | Will be Migrated.       |                                     |                                     |
+---------------------------------+-------------------------+-------------------------------------+-------------------------------------+
| design_1_axi_gpio_0_0           | Will be Migrated.       |                                     |                                     |
+---------------------------------+-------------------------+-------------------------------------+-------------------------------------+
| design_1_axi_gpio_0_1           | Will be Migrated.       |                                     |                                     |
+---------------------------------+-------------------------+-------------------------------------+-------------------------------------+
| design_1_blk_mem_gen_0_0        | Will be Migrated.       |                                     |                                     |
+---------------------------------+-------------------------+-------------------------------------+-------------------------------------+
| design_1_blk_mem_gen_1_0        | Will be Migrated.       |                                     |                                     |
+---------------------------------+-------------------------+-------------------------------------+-------------------------------------+
| design_1_clk_wiz_0_0            | Will be Migrated.       |                                     |                                     |
+---------------------------------+-------------------------+-------------------------------------+-------------------------------------+
| design_1_processing_system7_0_0 | Will be Migrated.       |                                     |                                     |
+---------------------------------+-------------------------+-------------------------------------+-------------------------------------+
| design_1_ps7_0_axi_periph_0     | Will be Migrated.       |                                     |                                     |
+---------------------------------+-------------------------+-------------------------------------+-------------------------------------+
| design_1_rst_ps7_0_50M_0        | Will be Migrated.       |                                     |                                     |
+---------------------------------+-------------------------+-------------------------------------+-------------------------------------+
| design_1_xbar_0                 | Will be Migrated.       |                                     |                                     |
+---------------------------------+-------------------------+-------------------------------------+-------------------------------------+


1.2 Project Block Designs
+----------+-------------------------+-------------------------------------+-------------------------------------+
| Design   | Status                  | Reason                              | Recommendation                      |
| Name     |                         |                                     |                                     |
+----------+-------------------------+-------------------------------------+-------------------------------------+
| design_1 | Will be Migrated.       |                                     |                                     |
+----------+-------------------------+-------------------------------------+-------------------------------------+



